<?xml version="1.0" encoding="UTF-8"?>
<!-- Generated by org.testng.reporters.JUnitXMLReporter -->
<testsuite hostname="EPINPUNW011C" ignored="0" name="Test" tests="3" failures="0" timestamp="2023-05-18T14:07:25 IST" time="11.096" errors="0">
  <testcase name="verifyBStackDemoTitle" time="1.703" classname="DesignPatterns.FactoryPattern.FactoryDesignTestCaseOne"/>
  <testcase name="verifyBStackDemoLogo" time="4.477" classname="DesignPatterns.FactoryPattern.FactoryDesignTestCaseOne"/>
  <testcase name="verifyBStackDemoAddToCart" time="7.518" classname="DesignPatterns.FactoryPattern.FactoryDesignTestCaseOne"/>
</testsuite> <!-- Test -->
