<?xml version="1.0" encoding="UTF-8"?>
<testng-results skipped="0" failed="0" ignored="0" total="3" passed="3">
  <reporter-output>
  </reporter-output>
  <suite name="Suite" duration-ms="11096" started-at="2023-05-18T14:07:14 IST" finished-at="2023-05-18T14:07:25 IST">
    <groups>
    </groups>
    <test name="Test" duration-ms="11096" started-at="2023-05-18T14:07:14 IST" finished-at="2023-05-18T14:07:25 IST">
      <class name="DesignPatterns.FactoryPattern.FactoryDesignTestCaseOne">
        <test-method status="PASS" signature="beforeTest()[pri:0, instance:DesignPatterns.FactoryPattern.FactoryDesignTestCaseOne@2641e737]" name="beforeTest" is-config="true" duration-ms="2920" started-at="2023-05-18T14:07:14 IST" finished-at="2023-05-18T14:07:17 IST">
          <reporter-output>
          </reporter-output>
        </test-method> <!-- beforeTest -->
        <test-method status="PASS" signature="verifyBStackDemoLogo()[pri:0, instance:DesignPatterns.FactoryPattern.FactoryDesignTestCaseOne@2641e737]" name="verifyBStackDemoLogo" duration-ms="4477" started-at="2023-05-18T14:07:17 IST" finished-at="2023-05-18T14:07:21 IST">
          <reporter-output>
          </reporter-output>
        </test-method> <!-- verifyBStackDemoLogo -->
        <test-method status="PASS" signature="verifyBStackDemoTitle()[pri:0, instance:DesignPatterns.FactoryPattern.FactoryDesignTestCaseOne@2641e737]" name="verifyBStackDemoTitle" duration-ms="1703" started-at="2023-05-18T14:07:17 IST" finished-at="2023-05-18T14:07:19 IST">
          <reporter-output>
          </reporter-output>
        </test-method> <!-- verifyBStackDemoTitle -->
        <test-method status="PASS" signature="verifyBStackDemoAddToCart()[pri:0, instance:DesignPatterns.FactoryPattern.FactoryDesignTestCaseOne@2641e737]" name="verifyBStackDemoAddToCart" duration-ms="7518" started-at="2023-05-18T14:07:17 IST" finished-at="2023-05-18T14:07:25 IST">
          <reporter-output>
          </reporter-output>
        </test-method> <!-- verifyBStackDemoAddToCart -->
        <test-method status="PASS" signature="afterMethod()[pri:0, instance:DesignPatterns.FactoryPattern.FactoryDesignTestCaseOne@2641e737]" name="afterMethod" is-config="true" duration-ms="629" started-at="2023-05-18T14:07:25 IST" finished-at="2023-05-18T14:07:25 IST">
          <reporter-output>
          </reporter-output>
        </test-method> <!-- afterMethod -->
      </class> <!-- DesignPatterns.FactoryPattern.FactoryDesignTestCaseOne -->
    </test> <!-- Test -->
  </suite> <!-- Suite -->
</testng-results>
